{
  "stats": {
    "suites": 2,
    "tests": 2,
    "passes": 2,
    "pending": 0,
    "failures": 0,
    "start": "2017-07-18T13:04:03.170Z",
    "end": "2017-07-18T13:04:03.201Z",
    "duration": 31,
    "testsRegistered": 2,
    "passPercent": 100,
    "pendingPercent": 0,
    "other": 0,
    "hasOther": false,
    "skipped": 0,
    "hasSkipped": false,
    "passPercentClass": "success",
    "pendingPercentClass": "danger"
  },
  "suites": {
    "title": "",
    "suites": [
      {
        "title": "加法函数测试",
        "suites": [],
        "tests": [
          {
            "title": "1+1应该等于2",
            "fullTitle": "加法函数测试 1+1应该等于2",
            "timedOut": false,
            "duration": 1,
            "state": "passed",
            "speed": "fast",
            "pass": true,
            "fail": false,
            "pending": false,
            "code": "//断言:判断源码的实际执行结果与预期结果是否一致\nexpect(add(1,1)).to.be.equal(2);",
            "err": {},
            "isRoot": false,
            "uuid": "10f1b849-6b41-4827-9d61-06e335d56f25",
            "parentUUID": "9d90c765-4983-4bf8-9896-6fc9d1aab984",
            "isHook": false,
            "skipped": false
          }
        ],
        "pending": [],
        "root": false,
        "_timeout": 2000,
        "file": "/test/add.test.js",
        "uuid": "9d90c765-4983-4bf8-9896-6fc9d1aab984",
        "beforeHooks": [],
        "afterHooks": [],
        "fullFile": "/Users/awebone/miniwork/project/jstrain/test/mocha/demo2/test/add.test.js",
        "passes": [
          {
            "title": "1+1应该等于2",
            "fullTitle": "加法函数测试 1+1应该等于2",
            "timedOut": false,
            "duration": 1,
            "state": "passed",
            "speed": "fast",
            "pass": true,
            "fail": false,
            "pending": false,
            "code": "//断言:判断源码的实际执行结果与预期结果是否一致\nexpect(add(1,1)).to.be.equal(2);",
            "err": {},
            "isRoot": false,
            "uuid": "10f1b849-6b41-4827-9d61-06e335d56f25",
            "parentUUID": "9d90c765-4983-4bf8-9896-6fc9d1aab984",
            "isHook": false,
            "skipped": false
          }
        ],
        "failures": [],
        "skipped": [],
        "hasBeforeHooks": false,
        "hasAfterHooks": false,
        "hasTests": true,
        "hasSuites": false,
        "totalTests": 1,
        "totalPasses": 1,
        "totalFailures": 0,
        "totalPending": 0,
        "totalSkipped": 0,
        "hasPasses": true,
        "hasFailures": false,
        "hasPending": false,
        "hasSkipped": false,
        "duration": 1,
        "rootEmpty": false
      },
      {
        "title": "乘法函数的测试",
        "suites": [],
        "tests": [
          {
            "title": "1 乘 1 应该等于 1",
            "fullTitle": "乘法函数的测试 1 乘 1 应该等于 1",
            "timedOut": false,
            "duration": 0,
            "state": "passed",
            "speed": "fast",
            "pass": true,
            "fail": false,
            "pending": false,
            "code": "expect(multiply(1, 1)).to.be.equal(1);",
            "err": {},
            "isRoot": false,
            "uuid": "ab4c8867-3db6-4729-9d1e-63956c92e169",
            "parentUUID": "4ad5064d-a1f9-4772-adb8-f72bdacbde90",
            "isHook": false,
            "skipped": false
          }
        ],
        "pending": [],
        "root": false,
        "_timeout": 2000,
        "file": "/test/multiply.test.js",
        "uuid": "4ad5064d-a1f9-4772-adb8-f72bdacbde90",
        "beforeHooks": [],
        "afterHooks": [],
        "fullFile": "/Users/awebone/miniwork/project/jstrain/test/mocha/demo2/test/multiply.test.js",
        "passes": [
          {
            "title": "1 乘 1 应该等于 1",
            "fullTitle": "乘法函数的测试 1 乘 1 应该等于 1",
            "timedOut": false,
            "duration": 0,
            "state": "passed",
            "speed": "fast",
            "pass": true,
            "fail": false,
            "pending": false,
            "code": "expect(multiply(1, 1)).to.be.equal(1);",
            "err": {},
            "isRoot": false,
            "uuid": "ab4c8867-3db6-4729-9d1e-63956c92e169",
            "parentUUID": "4ad5064d-a1f9-4772-adb8-f72bdacbde90",
            "isHook": false,
            "skipped": false
          }
        ],
        "failures": [],
        "skipped": [],
        "hasBeforeHooks": false,
        "hasAfterHooks": false,
        "hasTests": true,
        "hasSuites": false,
        "totalTests": 1,
        "totalPasses": 1,
        "totalFailures": 0,
        "totalPending": 0,
        "totalSkipped": 0,
        "hasPasses": true,
        "hasFailures": false,
        "hasPending": false,
        "hasSkipped": false,
        "duration": 0,
        "rootEmpty": false
      }
    ],
    "tests": [],
    "pending": [],
    "root": true,
    "_timeout": 2000,
    "uuid": "99ca7e6f-4526-404c-9a47-502d81b817ec",
    "beforeHooks": [],
    "afterHooks": [],
    "fullFile": "",
    "file": "",
    "passes": [],
    "failures": [],
    "skipped": [],
    "hasBeforeHooks": false,
    "hasAfterHooks": false,
    "hasTests": false,
    "hasSuites": true,
    "totalTests": 0,
    "totalPasses": 0,
    "totalFailures": 0,
    "totalPending": 0,
    "totalSkipped": 0,
    "hasPasses": false,
    "hasFailures": false,
    "hasPending": false,
    "hasSkipped": false,
    "duration": 0,
    "rootEmpty": true
  },
  "allTests": [
    {
      "title": "1+1应该等于2",
      "fullTitle": "加法函数测试 1+1应该等于2",
      "timedOut": false,
      "duration": 1,
      "state": "passed",
      "speed": "fast",
      "pass": true,
      "fail": false,
      "pending": false,
      "code": "//断言:判断源码的实际执行结果与预期结果是否一致\nexpect(add(1,1)).to.be.equal(2);",
      "err": {},
      "isRoot": false,
      "uuid": "10f1b849-6b41-4827-9d61-06e335d56f25",
      "parentUUID": "9d90c765-4983-4bf8-9896-6fc9d1aab984",
      "isHook": false,
      "skipped": false
    },
    {
      "title": "1 乘 1 应该等于 1",
      "fullTitle": "乘法函数的测试 1 乘 1 应该等于 1",
      "timedOut": false,
      "duration": 0,
      "state": "passed",
      "speed": "fast",
      "pass": true,
      "fail": false,
      "pending": false,
      "code": "expect(multiply(1, 1)).to.be.equal(1);",
      "err": {},
      "isRoot": false,
      "uuid": "ab4c8867-3db6-4729-9d1e-63956c92e169",
      "parentUUID": "4ad5064d-a1f9-4772-adb8-f72bdacbde90",
      "isHook": false,
      "skipped": false
    }
  ],
  "allPending": [],
  "allPasses": [
    {
      "title": "1+1应该等于2",
      "fullTitle": "加法函数测试 1+1应该等于2",
      "timedOut": false,
      "duration": 1,
      "state": "passed",
      "speed": "fast",
      "pass": true,
      "fail": false,
      "pending": false,
      "code": "//断言:判断源码的实际执行结果与预期结果是否一致\nexpect(add(1,1)).to.be.equal(2);",
      "err": {},
      "isRoot": false,
      "uuid": "10f1b849-6b41-4827-9d61-06e335d56f25",
      "parentUUID": "9d90c765-4983-4bf8-9896-6fc9d1aab984",
      "isHook": false,
      "skipped": false
    },
    {
      "title": "1 乘 1 应该等于 1",
      "fullTitle": "乘法函数的测试 1 乘 1 应该等于 1",
      "timedOut": false,
      "duration": 0,
      "state": "passed",
      "speed": "fast",
      "pass": true,
      "fail": false,
      "pending": false,
      "code": "expect(multiply(1, 1)).to.be.equal(1);",
      "err": {},
      "isRoot": false,
      "uuid": "ab4c8867-3db6-4729-9d1e-63956c92e169",
      "parentUUID": "4ad5064d-a1f9-4772-adb8-f72bdacbde90",
      "isHook": false,
      "skipped": false
    }
  ],
  "allFailures": [],
  "copyrightYear": 2017
}